This is pdfTeX, Version 3.14159265-2.6-1.40.20 (MiKTeX 2.9.7200 64-bit) (preloaded format=pdflatex 2019.11.13)  19 DEC 2019 02:16
entering extended mode
**./SQG_Boundary.tex
(SQG_Boundary.tex
LaTeX2e <2019-10-01>
("C:\Users\lfsto\AppData\Local\Programs\MiKTeX 2.9\tex/latex/amscls\amsart.cls"
Document Class: amsart 2017/10/31 v2.20.4
\linespacing=\dimen102
\normalparindent=\dimen103
\normaltopskip=\skip41

("C:\Users\lfsto\AppData\Local\Programs\MiKTeX 2.9\tex/latex/amsmath\amsmath.st
y"
Package: amsmath 2019/04/01 v2.17c AMS math features
\@mathmargin=\skip42

For additional information on amsmath, use the `?' option.

("C:\Users\lfsto\AppData\Local\Programs\MiKTeX 2.9\tex/latex/amsmath\amstext.st
y"
Package: amstext 2000/06/29 v2.01 AMS text

("C:\Users\lfsto\AppData\Local\Programs\MiKTeX 2.9\tex/latex/amsmath\amsgen.sty
"
File: amsgen.sty 1999/11/30 v2.0 generic functions
\@emptytoks=\toks14
\ex@=\dimen104
))
("C:\Users\lfsto\AppData\Local\Programs\MiKTeX 2.9\tex/latex/amsmath\amsbsy.sty
"
Package: amsbsy 1999/11/29 v1.2d Bold Symbols
\pmbraise@=\dimen105
)
("C:\Users\lfsto\AppData\Local\Programs\MiKTeX 2.9\tex/latex/amsmath\amsopn.sty
"
Package: amsopn 2016/03/08 v2.02 operator names
)
\inf@bad=\count80
LaTeX Info: Redefining \frac on input line 227.
\uproot@=\count81
\leftroot@=\count82
LaTeX Info: Redefining \overline on input line 389.
\classnum@=\count83
\DOTSCASE@=\count84
LaTeX Info: Redefining \ldots on input line 486.
LaTeX Info: Redefining \dots on input line 489.
LaTeX Info: Redefining \cdots on input line 610.
\Mathstrutbox@=\box27
\strutbox@=\box28
\big@size=\dimen106
LaTeX Font Info:    Redeclaring font encoding OML on input line 733.
LaTeX Font Info:    Redeclaring font encoding OMS on input line 734.
\macc@depth=\count85
\c@MaxMatrixCols=\count86
\dotsspace@=\muskip10
\c@parentequation=\count87
\dspbrk@lvl=\count88
\tag@help=\toks15
\row@=\count89
\column@=\count90
\maxfields@=\count91
\andhelp@=\toks16
\eqnshift@=\dimen107
\alignsep@=\dimen108
\tagshift@=\dimen109
\tagwidth@=\dimen110
\totwidth@=\dimen111
\lineht@=\dimen112
\@envbody=\toks17
\multlinegap=\skip43
\multlinetaggap=\skip44
\mathdisplay@stack=\toks18
LaTeX Info: Redefining \[ on input line 2855.
LaTeX Info: Redefining \] on input line 2856.
)
LaTeX Font Info:    Trying to load font information for U+msa on input line 398
.

("C:\Users\lfsto\AppData\Local\Programs\MiKTeX 2.9\tex/latex/amsfonts\umsa.fd"
File: umsa.fd 2013/01/14 v3.01 AMS symbols A
)
("C:\Users\lfsto\AppData\Local\Programs\MiKTeX 2.9\tex/latex/amsfonts\amsfonts.
sty"
Package: amsfonts 2013/01/14 v3.01 Basic AMSFonts support
\symAMSa=\mathgroup4
\symAMSb=\mathgroup5
LaTeX Font Info:    Redeclaring math symbol \hbar on input line 98.
LaTeX Font Info:    Overwriting math alphabet `\mathfrak' in version `bold'
(Font)                  U/euf/m/n --> U/euf/b/n on input line 106.
)
\copyins=\insert199
\abstractbox=\box29
\listisep=\skip45
\c@part=\count92
\c@section=\count93
\c@subsection=\count94
\c@subsubsection=\count95
\c@paragraph=\count96
\c@subparagraph=\count97
\c@figure=\count98
\c@table=\count99
\abovecaptionskip=\skip46
\belowcaptionskip=\skip47
\captionindent=\dimen113
\thm@style=\toks19
\thm@bodyfont=\toks20
\thm@headfont=\toks21
\thm@notefont=\toks22
\thm@headpunct=\toks23
\thm@preskip=\skip48
\thm@postskip=\skip49
\thm@headsep=\skip50
\dth@everypar=\toks24
)
("C:\Users\lfsto\AppData\Local\Programs\MiKTeX 2.9\tex/latex/amsfonts\amssymb.s
ty"
Package: amssymb 2013/01/14 v3.01 AMS font symbols
)
("C:\Users\lfsto\AppData\Local\Programs\MiKTeX 2.9\tex/latex/amscls\upref.sty"
Package: upref 2007/03/14 v2.04
) ("C:\Users\lfsto\AppData\Local\Programs\MiKTeX 2.9\tex/latex/epsf\epsf.sty"
This is `epsf.tex' v2.7.4 <14 February 2011>
\epsffilein=\read1
\epsfframemargin=\dimen114
\epsfframethickness=\dimen115
\epsfrsize=\dimen116
\epsftmp=\dimen117
\epsftsize=\dimen118
\epsfxsize=\dimen119
\epsfysize=\dimen120
\pspoints=\dimen121
)
("C:\Users\lfsto\AppData\Local\Programs\MiKTeX 2.9\tex/latex/mnsymbol\MnSymbol.
sty"
Package: MnSymbol 2007/01/21 v1.4 support for the MnSymbol font

("C:\Users\lfsto\AppData\Local\Programs\MiKTeX 2.9\tex/latex/base\textcomp.sty"
Package: textcomp 2018/08/11 v2.0j Standard LaTeX package
Package textcomp Info: Sub-encoding information:
(textcomp)               5 = only ISO-Adobe without \textcurrency
(textcomp)               4 = 5 + \texteuro
(textcomp)               3 = 4 + \textohm
(textcomp)               2 = 3 + \textestimated + \textcurrency
(textcomp)               1 = TS1 - \textcircled - \t
(textcomp)               0 = TS1 (full)
(textcomp)             Font families with sub-encoding setting implement
(textcomp)             only a restricted character set as indicated.
(textcomp)             Family '?' is the default used for unknown fonts.
(textcomp)             See the documentation for details.
Package textcomp Info: Setting ? sub-encoding to TS1/1 on input line 79.
("C:\Users\lfsto\AppData\Local\Programs\MiKTeX 2.9\tex/latex/base\ts1enc.def"
File: ts1enc.def 2001/06/05 v3.0e (jk/car/fm) Standard LaTeX file
Now handling font encoding TS1 ...
... processing UTF-8 mapping file for font encoding TS1

("C:\Users\lfsto\AppData\Local\Programs\MiKTeX 2.9\tex/latex/base\ts1enc.dfu"
File: ts1enc.dfu 2019/07/11 v1.2j UTF-8 support for inputenc
   defining Unicode char U+00A2 (decimal 162)
   defining Unicode char U+00A3 (decimal 163)
   defining Unicode char U+00A4 (decimal 164)
   defining Unicode char U+00A5 (decimal 165)
   defining Unicode char U+00A6 (decimal 166)
   defining Unicode char U+00A7 (decimal 167)
   defining Unicode char U+00A8 (decimal 168)
   defining Unicode char U+00A9 (decimal 169)
   defining Unicode char U+00AA (decimal 170)
   defining Unicode char U+00AC (decimal 172)
   defining Unicode char U+00AE (decimal 174)
   defining Unicode char U+00AF (decimal 175)
   defining Unicode char U+00B0 (decimal 176)
   defining Unicode char U+00B1 (decimal 177)
   defining Unicode char U+00B2 (decimal 178)
   defining Unicode char U+00B3 (decimal 179)
   defining Unicode char U+00B4 (decimal 180)
   defining Unicode char U+00B5 (decimal 181)
   defining Unicode char U+00B6 (decimal 182)
   defining Unicode char U+00B7 (decimal 183)
   defining Unicode char U+00B9 (decimal 185)
   defining Unicode char U+00BA (decimal 186)
   defining Unicode char U+00BC (decimal 188)
   defining Unicode char U+00BD (decimal 189)
   defining Unicode char U+00BE (decimal 190)
   defining Unicode char U+00D7 (decimal 215)
   defining Unicode char U+00F7 (decimal 247)
   defining Unicode char U+0192 (decimal 402)
   defining Unicode char U+02C7 (decimal 711)
   defining Unicode char U+02D8 (decimal 728)
   defining Unicode char U+02DD (decimal 733)
   defining Unicode char U+0E3F (decimal 3647)
   defining Unicode char U+2016 (decimal 8214)
   defining Unicode char U+2020 (decimal 8224)
   defining Unicode char U+2021 (decimal 8225)
   defining Unicode char U+2022 (decimal 8226)
   defining Unicode char U+2030 (decimal 8240)
   defining Unicode char U+2031 (decimal 8241)
   defining Unicode char U+203B (decimal 8251)
   defining Unicode char U+203D (decimal 8253)
   defining Unicode char U+2044 (decimal 8260)
   defining Unicode char U+204E (decimal 8270)
   defining Unicode char U+2052 (decimal 8274)
   defining Unicode char U+20A1 (decimal 8353)
   defining Unicode char U+20A4 (decimal 8356)
   defining Unicode char U+20A6 (decimal 8358)
   defining Unicode char U+20A9 (decimal 8361)
   defining Unicode char U+20AB (decimal 8363)
   defining Unicode char U+20AC (decimal 8364)
   defining Unicode char U+20B1 (decimal 8369)
   defining Unicode char U+2103 (decimal 8451)
   defining Unicode char U+2116 (decimal 8470)
   defining Unicode char U+2117 (decimal 8471)
   defining Unicode char U+211E (decimal 8478)
   defining Unicode char U+2120 (decimal 8480)
   defining Unicode char U+2122 (decimal 8482)
   defining Unicode char U+2126 (decimal 8486)
   defining Unicode char U+2127 (decimal 8487)
   defining Unicode char U+212E (decimal 8494)
   defining Unicode char U+2190 (decimal 8592)
   defining Unicode char U+2191 (decimal 8593)
   defining Unicode char U+2192 (decimal 8594)
   defining Unicode char U+2193 (decimal 8595)
   defining Unicode char U+2329 (decimal 9001)
   defining Unicode char U+232A (decimal 9002)
   defining Unicode char U+2422 (decimal 9250)
   defining Unicode char U+25E6 (decimal 9702)
   defining Unicode char U+25EF (decimal 9711)
   defining Unicode char U+266A (decimal 9834)
   defining Unicode char U+27E8 (decimal 10216)
   defining Unicode char U+27E9 (decimal 10217)
   defining Unicode char U+FEFF (decimal 65279)
))
LaTeX Info: Redefining \oldstylenums on input line 334.
Package textcomp Info: Setting cmr sub-encoding to TS1/0 on input line 349.
Package textcomp Info: Setting cmss sub-encoding to TS1/0 on input line 350.
Package textcomp Info: Setting cmtt sub-encoding to TS1/0 on input line 351.
Package textcomp Info: Setting cmvtt sub-encoding to TS1/0 on input line 352.
Package textcomp Info: Setting cmbr sub-encoding to TS1/0 on input line 353.
Package textcomp Info: Setting cmtl sub-encoding to TS1/0 on input line 354.
Package textcomp Info: Setting ccr sub-encoding to TS1/0 on input line 355.
Package textcomp Info: Setting ptm sub-encoding to TS1/4 on input line 356.
Package textcomp Info: Setting pcr sub-encoding to TS1/4 on input line 357.
Package textcomp Info: Setting phv sub-encoding to TS1/4 on input line 358.
Package textcomp Info: Setting ppl sub-encoding to TS1/3 on input line 359.
Package textcomp Info: Setting pag sub-encoding to TS1/4 on input line 360.
Package textcomp Info: Setting pbk sub-encoding to TS1/4 on input line 361.
Package textcomp Info: Setting pnc sub-encoding to TS1/4 on input line 362.
Package textcomp Info: Setting pzc sub-encoding to TS1/4 on input line 363.
Package textcomp Info: Setting bch sub-encoding to TS1/4 on input line 364.
Package textcomp Info: Setting put sub-encoding to TS1/5 on input line 365.
Package textcomp Info: Setting uag sub-encoding to TS1/5 on input line 366.
Package textcomp Info: Setting ugq sub-encoding to TS1/5 on input line 367.
Package textcomp Info: Setting ul8 sub-encoding to TS1/4 on input line 368.
Package textcomp Info: Setting ul9 sub-encoding to TS1/4 on input line 369.
Package textcomp Info: Setting augie sub-encoding to TS1/5 on input line 370.
Package textcomp Info: Setting dayrom sub-encoding to TS1/3 on input line 371.
Package textcomp Info: Setting dayroms sub-encoding to TS1/3 on input line 372.

Package textcomp Info: Setting pxr sub-encoding to TS1/0 on input line 373.
Package textcomp Info: Setting pxss sub-encoding to TS1/0 on input line 374.
Package textcomp Info: Setting pxtt sub-encoding to TS1/0 on input line 375.
Package textcomp Info: Setting txr sub-encoding to TS1/0 on input line 376.
Package textcomp Info: Setting txss sub-encoding to TS1/0 on input line 377.
Package textcomp Info: Setting txtt sub-encoding to TS1/0 on input line 378.
Package textcomp Info: Setting lmr sub-encoding to TS1/0 on input line 379.
Package textcomp Info: Setting lmdh sub-encoding to TS1/0 on input line 380.
Package textcomp Info: Setting lmss sub-encoding to TS1/0 on input line 381.
Package textcomp Info: Setting lmssq sub-encoding to TS1/0 on input line 382.
Package textcomp Info: Setting lmvtt sub-encoding to TS1/0 on input line 383.
Package textcomp Info: Setting lmtt sub-encoding to TS1/0 on input line 384.
Package textcomp Info: Setting qhv sub-encoding to TS1/0 on input line 385.
Package textcomp Info: Setting qag sub-encoding to TS1/0 on input line 386.
Package textcomp Info: Setting qbk sub-encoding to TS1/0 on input line 387.
Package textcomp Info: Setting qcr sub-encoding to TS1/0 on input line 388.
Package textcomp Info: Setting qcs sub-encoding to TS1/0 on input line 389.
Package textcomp Info: Setting qpl sub-encoding to TS1/0 on input line 390.
Package textcomp Info: Setting qtm sub-encoding to TS1/0 on input line 391.
Package textcomp Info: Setting qzc sub-encoding to TS1/0 on input line 392.
Package textcomp Info: Setting qhvc sub-encoding to TS1/0 on input line 393.
Package textcomp Info: Setting futs sub-encoding to TS1/4 on input line 394.
Package textcomp Info: Setting futx sub-encoding to TS1/4 on input line 395.
Package textcomp Info: Setting futj sub-encoding to TS1/4 on input line 396.
Package textcomp Info: Setting hlh sub-encoding to TS1/3 on input line 397.
Package textcomp Info: Setting hls sub-encoding to TS1/3 on input line 398.
Package textcomp Info: Setting hlst sub-encoding to TS1/3 on input line 399.
Package textcomp Info: Setting hlct sub-encoding to TS1/5 on input line 400.
Package textcomp Info: Setting hlx sub-encoding to TS1/5 on input line 401.
Package textcomp Info: Setting hlce sub-encoding to TS1/5 on input line 402.
Package textcomp Info: Setting hlcn sub-encoding to TS1/5 on input line 403.
Package textcomp Info: Setting hlcw sub-encoding to TS1/5 on input line 404.
Package textcomp Info: Setting hlcf sub-encoding to TS1/5 on input line 405.
Package textcomp Info: Setting pplx sub-encoding to TS1/3 on input line 406.
Package textcomp Info: Setting pplj sub-encoding to TS1/3 on input line 407.
Package textcomp Info: Setting ptmx sub-encoding to TS1/4 on input line 408.
Package textcomp Info: Setting ptmj sub-encoding to TS1/4 on input line 409.
)
LaTeX Info: Redefining \dagger on input line 84.
LaTeX Info: Redefining \ddagger on input line 84.
LaTeX Info: Redefining \mathparagraph on input line 84.
LaTeX Info: Redefining \mathsection on input line 84.
LaTeX Info: Redefining \mathdollar on input line 84.
LaTeX Info: Redefining \mathsterling on input line 84.
LaTeX Info: Redefining \yen on input line 84.
LaTeX Info: Redefining \circledR on input line 84.
LaTeX Info: Redefining \circledS on input line 84.
LaTeX Info: Redefining \Re on input line 84.
LaTeX Info: Redefining \Im on input line 84.
LaTeX Info: Redefining \dotplus on input line 84.
LaTeX Info: Redefining \thicksim on input line 84.
LaTeX Info: Redefining \thickapprox on input line 84.
LaTeX Info: Redefining \veebar on input line 84.
LaTeX Info: Redefining \barwedge on input line 84.
LaTeX Info: Redefining \doublebarwedge on input line 84.
LaTeX Info: Redefining \centerdot on input line 84.
LaTeX Info: Redefining \divideontimes on input line 84.
\symMnSyA=\mathgroup6
\symMnSyB=\mathgroup7
\symMnSyC=\mathgroup8
\symMnSyD=\mathgroup9
LaTeX Font Info:    Redeclaring symbol font `largesymbols' on input line 119.
LaTeX Font Info:    Overwriting symbol font `largesymbols' in version `normal'
(Font)                  OMX/cmex/m/n --> OMX/MnSymbolE/m/n on input line 119.
LaTeX Font Info:    Overwriting symbol font `largesymbols' in version `bold'
(Font)                  OMX/cmex/m/n --> OMX/MnSymbolE/m/n on input line 119.
LaTeX Font Info:    Redeclaring symbol font `symbols' on input line 120.
LaTeX Font Info:    Encoding `OMS' has changed to `U' for symbol font
(Font)              `symbols' in the math version `normal' on input line 120.
LaTeX Font Info:    Overwriting symbol font `symbols' in version `normal'
(Font)                  OMS/cmsy/m/n --> U/MnSymbolF/m/n on input line 120.
LaTeX Font Info:    Encoding `OMS' has changed to `U' for symbol font
(Font)              `symbols' in the math version `bold' on input line 120.
LaTeX Font Info:    Overwriting symbol font `symbols' in version `bold'
(Font)                  OMS/cmsy/b/n --> U/MnSymbolF/m/n on input line 120.
LaTeX Font Info:    Overwriting symbol font `MnSyA' in version `bold'
(Font)                  U/MnSymbolA/m/n --> U/MnSymbolA/b/n on input line 121.
LaTeX Font Info:    Overwriting symbol font `MnSyB' in version `bold'
(Font)                  U/MnSymbolB/m/n --> U/MnSymbolB/b/n on input line 122.
LaTeX Font Info:    Overwriting symbol font `MnSyC' in version `bold'
(Font)                  U/MnSymbolC/m/n --> U/MnSymbolC/b/n on input line 123.
LaTeX Font Info:    Overwriting symbol font `MnSyD' in version `bold'
(Font)                  U/MnSymbolD/m/n --> U/MnSymbolD/b/n on input line 124.
LaTeX Font Info:    Overwriting symbol font `largesymbols' in version `bold'
(Font)                  OMX/MnSymbolE/m/n --> OMX/MnSymbolE/b/n on input line 1
25.
LaTeX Font Info:    Overwriting symbol font `symbols' in version `bold'
(Font)                  U/MnSymbolF/m/n --> U/MnSymbolF/b/n on input line 126.
LaTeX Font Info:    Redeclaring math alphabet \mathcal on input line 241.
LaTeX Font Info:    Overwriting math alphabet `\mathcal' in version `bold'
(Font)                  OMS/MnSymbolS/m/n --> OMS/MnSymbolS/b/n on input line 2
41.
LaTeX Info: Redefining \longrightarrow on input line 548.
LaTeX Info: Redefining \longleftarrow on input line 549.
LaTeX Info: Redefining \longleftrightarrow on input line 550.
LaTeX Info: Redefining \Longrightarrow on input line 551.
LaTeX Info: Redefining \Longleftarrow on input line 552.
LaTeX Info: Redefining \Longleftrightarrow on input line 553.
LaTeX Info: Redefining \longmapsto on input line 554.
LaTeX Info: Redefining \vdots on input line 868.
LaTeX Font Info:    Redeclaring math delimiter \lfloor on input line 1660.
LaTeX Font Info:    Redeclaring math delimiter \rfloor on input line 1661.
LaTeX Font Info:    Redeclaring math delimiter \lceil on input line 1662.
LaTeX Font Info:    Redeclaring math delimiter \rceil on input line 1663.
LaTeX Font Info:    Redeclaring math delimiter \ulcorner on input line 1664.
LaTeX Font Info:    Redeclaring math delimiter \urcorner on input line 1665.
LaTeX Font Info:    Redeclaring math delimiter \llcorner on input line 1666.
LaTeX Font Info:    Redeclaring math delimiter \lrcorner on input line 1667.
LaTeX Font Info:    Redeclaring math delimiter \vert on input line 1673.
LaTeX Font Info:    Redeclaring math delimiter \lvert on input line 1676.
LaTeX Font Info:    Redeclaring math delimiter \rvert on input line 1677.
LaTeX Font Info:    Redeclaring math delimiter \Vert on input line 1678.
LaTeX Font Info:    Redeclaring math delimiter \lVert on input line 1681.
LaTeX Font Info:    Redeclaring math delimiter \rVert on input line 1682.
LaTeX Font Info:    Redeclaring math delimiter \arrowvert on input line 1683.
LaTeX Font Info:    Redeclaring math delimiter \Arrowvert on input line 1684.
LaTeX Font Info:    Redeclaring math delimiter \langle on input line 1692.
LaTeX Font Info:    Redeclaring math delimiter \rangle on input line 1693.
LaTeX Font Info:    Redeclaring math delimiter \backslash on input line 1699.
LaTeX Font Info:    Redeclaring math delimiter \lbrace on input line 1704.
LaTeX Font Info:    Redeclaring math delimiter \rbrace on input line 1705.
LaTeX Font Info:    Redeclaring math delimiter \lgroup on input line 1706.
LaTeX Font Info:    Redeclaring math delimiter \rgroup on input line 1707.
LaTeX Font Info:    Redeclaring math delimiter \rmoustache on input line 1708.
LaTeX Font Info:    Redeclaring math delimiter \lmoustache on input line 1709.
LaTeX Font Info:    Redeclaring math delimiter \bracevert on input line 1710.
LaTeX Font Info:    Redeclaring math symbol \braceld on input line 1721.
LaTeX Font Info:    Redeclaring math symbol \bracelu on input line 1722.
LaTeX Font Info:    Redeclaring math symbol \bracerd on input line 1723.
LaTeX Font Info:    Redeclaring math symbol \braceru on input line 1724.
LaTeX Info: Redefining \downbracefill on input line 1799.
LaTeX Info: Redefining \upbracefill on input line 1800.
LaTeX Info: Redefining \overbrace on input line 1819.
LaTeX Info: Redefining \underbrace on input line 1820.
LaTeX Info: Redefining \surd on input line 1843.
LaTeX Font Info:    Redeclaring math accent \widehat on input line 1845.
LaTeX Font Info:    Redeclaring math accent \widetilde on input line 1846.
LaTeX Font Info:    Redeclaring math accent \vec on input line 1848.
)
("C:\Users\lfsto\AppData\Local\Programs\MiKTeX 2.9\tex/latex/graphics\graphicx.
sty"
Package: graphicx 2017/06/01 v1.1a Enhanced LaTeX Graphics (DPC,SPQR)

("C:\Users\lfsto\AppData\Local\Programs\MiKTeX 2.9\tex/latex/graphics\keyval.st
y"
Package: keyval 2014/10/28 v1.15 key=value parser (DPC)
\KV@toks@=\toks25
)
("C:\Users\lfsto\AppData\Local\Programs\MiKTeX 2.9\tex/latex/graphics\graphics.
sty"
Package: graphics 2019/07/20 v1.3b Standard LaTeX Graphics (DPC,SPQR)

("C:\Users\lfsto\AppData\Local\Programs\MiKTeX 2.9\tex/latex/graphics\trig.sty"
Package: trig 2016/01/03 v1.10 sin cos tan (DPC)
)
("C:\Users\lfsto\AppData\Local\Programs\MiKTeX 2.9\tex/latex/graphics-cfg\graph
ics.cfg"
File: graphics.cfg 2016/06/04 v1.11 sample graphics configuration
)
Package graphics Info: Driver file: pdftex.def on input line 105.

("C:\Users\lfsto\AppData\Local\Programs\MiKTeX 2.9\tex/latex/graphics-def\pdfte
x.def"
File: pdftex.def 2018/01/08 v1.0l Graphics/color driver for pdftex
))
\Gin@req@height=\dimen122
\Gin@req@width=\dimen123
)
("C:\Users\lfsto\AppData\Local\Programs\MiKTeX 2.9\tex/latex/mathtools\mathtool
s.sty"
Package: mathtools 2019/07/31 v1.22 mathematical typesetting tools

("C:\Users\lfsto\AppData\Local\Programs\MiKTeX 2.9\tex/latex/tools\calc.sty"
Package: calc 2017/05/25 v4.3 Infix arithmetic (KKT,FJ)
\calc@Acount=\count100
\calc@Bcount=\count101
\calc@Adimen=\dimen124
\calc@Bdimen=\dimen125
\calc@Askip=\skip51
\calc@Bskip=\skip52
LaTeX Info: Redefining \setlength on input line 80.
LaTeX Info: Redefining \addtolength on input line 81.
\calc@Ccount=\count102
\calc@Cskip=\skip53
)
("C:\Users\lfsto\AppData\Local\Programs\MiKTeX 2.9\tex/latex/mathtools\mhsetup.
sty"
Package: mhsetup 2017/03/31 v1.3 programming setup (MH)
)
LaTeX Info: Thecontrolsequence`\('isalreadyrobust on input line 129.
LaTeX Info: Thecontrolsequence`\)'isalreadyrobust on input line 129.
LaTeX Info: Thecontrolsequence`\['isalreadyrobust on input line 129.
LaTeX Info: Thecontrolsequence`\]'isalreadyrobust on input line 129.
\g_MT_multlinerow_int=\count103
\l_MT_multwidth_dim=\dimen126
\origjot=\skip54
\l_MT_shortvdotswithinadjustabove_dim=\dimen127
\l_MT_shortvdotswithinadjustbelow_dim=\dimen128
\l_MT_above_intertext_sep=\dimen129
\l_MT_below_intertext_sep=\dimen130
\l_MT_above_shortintertext_sep=\dimen131
\l_MT_below_shortintertext_sep=\dimen132
)
("C:\Users\lfsto\AppData\Local\Programs\MiKTeX 2.9\tex/latex/jknappen\mathrsfs.
sty"
Package: mathrsfs 1996/01/01 Math RSFS package v1.0 (jk)
\symrsfs=\mathgroup10
)
("C:\Users\lfsto\AppData\Local\Programs\MiKTeX 2.9\tex/latex/wrapfig\wrapfig.st
y"
\wrapoverhang=\dimen133
\WF@size=\dimen134
\c@WF@wrappedlines=\count104
\WF@box=\box30
\WF@everypar=\toks26
Package: wrapfig 2003/01/31  v 3.6
)
("C:\Users\lfsto\AppData\Local\Programs\MiKTeX 2.9\tex/latex/geometry\geometry.
sty"
Package: geometry 2018/04/16 v5.8 Page Geometry

("C:\Users\lfsto\AppData\Local\Programs\MiKTeX 2.9\tex/generic/oberdiek\ifpdf.s
ty"
Package: ifpdf 2018/09/07 v3.3 Provides the ifpdf switch
)
("C:\Users\lfsto\AppData\Local\Programs\MiKTeX 2.9\tex/generic/oberdiek\ifvtex.
sty"
Package: ifvtex 2016/05/16 v1.6 Detect VTeX and its facilities (HO)
Package ifvtex Info: VTeX not detected.
)
("C:\Users\lfsto\AppData\Local\Programs\MiKTeX 2.9\tex/generic/ifxetex\ifxetex.
sty"
Package: ifxetex 2010/09/12 v0.6 Provides ifxetex conditional
)
\Gm@cnth=\count105
\Gm@cntv=\count106
\c@Gm@tempcnt=\count107
\Gm@bindingoffset=\dimen135
\Gm@wd@mp=\dimen136
\Gm@odd@mp=\dimen137
\Gm@even@mp=\dimen138
\Gm@layoutwidth=\dimen139
\Gm@layoutheight=\dimen140
\Gm@layouthoffset=\dimen141
\Gm@layoutvoffset=\dimen142
\Gm@dimlist=\toks27

("C:\Users\lfsto\AppData\Local\Programs\MiKTeX 2.9\tex/latex/geometry\geometry.
cfg"))
("C:\Users\lfsto\AppData\Local\Programs\MiKTeX 2.9\tex/latex/fancyhdr\fancyhdr.
sty"
Package: fancyhdr 2019/01/31 v3.10 Extensive control of page headers and footer
s
\f@nch@headwidth=\skip55
\f@nch@O@elh=\skip56
\f@nch@O@erh=\skip57
\f@nch@O@olh=\skip58
\f@nch@O@orh=\skip59
\f@nch@O@elf=\skip60
\f@nch@O@erf=\skip61
\f@nch@O@olf=\skip62
\f@nch@O@orf=\skip63
)
("C:\Users\lfsto\AppData\Local\Programs\MiKTeX 2.9\tex/latex/tools\enumerate.st
y"
Package: enumerate 2015/07/23 v3.00 enumerate extensions (DPC)
\@enLab=\toks28
)
\c@theorem=\count108
\c@definition=\count109
\c@step_count=\count110
 (SQG_Boundary.aux)
\openout1 = `SQG_Boundary.aux'.

LaTeX Font Info:    Checking defaults for OML/cmm/m/it on input line 140.
LaTeX Font Info:    ... okay on input line 140.
LaTeX Font Info:    Checking defaults for T1/cmr/m/n on input line 140.
LaTeX Font Info:    ... okay on input line 140.
LaTeX Font Info:    Checking defaults for OT1/cmr/m/n on input line 140.
LaTeX Font Info:    ... okay on input line 140.
LaTeX Font Info:    Checking defaults for OMS/cmsy/m/n on input line 140.
LaTeX Font Info:    ... okay on input line 140.
LaTeX Font Info:    Checking defaults for OMX/cmex/m/n on input line 140.
LaTeX Font Info:    ... okay on input line 140.
LaTeX Font Info:    Checking defaults for U/cmr/m/n on input line 140.
LaTeX Font Info:    ... okay on input line 140.
LaTeX Font Info:    Checking defaults for TS1/cmr/m/n on input line 140.
LaTeX Font Info:    Trying to load font information for TS1+cmr on input line 1
40.

("C:\Users\lfsto\AppData\Local\Programs\MiKTeX 2.9\tex/latex/base\ts1cmr.fd"
File: ts1cmr.fd 2014/09/29 v2.5h Standard LaTeX font definitions
)
LaTeX Font Info:    ... okay on input line 140.
LaTeX Font Info:    Trying to load font information for U+msa on input line 140
.

("C:\Users\lfsto\AppData\Local\Programs\MiKTeX 2.9\tex/latex/amsfonts\umsa.fd"
File: umsa.fd 2013/01/14 v3.01 AMS symbols A
)
LaTeX Font Info:    Trying to load font information for U+msb on input line 140
.
("C:\Users\lfsto\AppData\Local\Programs\MiKTeX 2.9\tex/latex/amsfonts\umsb.fd"
File: umsb.fd 2013/01/14 v3.01 AMS symbols B
)
LaTeX Font Info:    Trying to load font information for U+rsfs on input line 14
0.
("C:\Users\lfsto\AppData\Local\Programs\MiKTeX 2.9\tex/latex/jknappen\ursfs.fd"
File: ursfs.fd 1998/03/24 rsfs font definition file (jk)
)
("C:\Users\lfsto\AppData\Local\Programs\MiKTeX 2.9\tex/context/base/mkii\supp-p
df.mkii"
[Loading MPS to PDF converter (version 2006.09.02).]
\scratchcounter=\count111
\scratchdimen=\dimen143
\scratchbox=\box31
\nofMPsegments=\count112
\nofMParguments=\count113
\everyMPshowfont=\toks29
\MPscratchCnt=\count114
\MPscratchDim=\dimen144
\MPnumerator=\count115
\makeMPintoPDFobject=\count116
\everyMPtoPDFconversion=\toks30
)
("C:\Users\lfsto\AppData\Local\Programs\MiKTeX 2.9\tex/latex/oberdiek\epstopdf-
base.sty"
Package: epstopdf-base 2016/05/15 v2.6 Base part for package epstopdf

("C:\Users\lfsto\AppData\Local\Programs\MiKTeX 2.9\tex/generic/oberdiek\infware
rr.sty"
Package: infwarerr 2016/05/16 v1.4 Providing info/warning/error messages (HO)
)
("C:\Users\lfsto\AppData\Local\Programs\MiKTeX 2.9\tex/latex/oberdiek\grfext.st
y"
Package: grfext 2016/05/16 v1.2 Manage graphics extensions (HO)

("C:\Users\lfsto\AppData\Local\Programs\MiKTeX 2.9\tex/generic/oberdiek\kvdefin
ekeys.sty"
Package: kvdefinekeys 2016/05/16 v1.4 Define keys (HO)

("C:\Users\lfsto\AppData\Local\Programs\MiKTeX 2.9\tex/generic/oberdiek\ltxcmds
.sty"
Package: ltxcmds 2016/05/16 v1.23 LaTeX kernel commands for general use (HO)
)))
("C:\Users\lfsto\AppData\Local\Programs\MiKTeX 2.9\tex/latex/oberdiek\kvoptions
.sty"
Package: kvoptions 2016/05/16 v3.12 Key value format for package options (HO)

("C:\Users\lfsto\AppData\Local\Programs\MiKTeX 2.9\tex/generic/oberdiek\kvsetke
ys.sty"
Package: kvsetkeys 2016/05/16 v1.17 Key value parser (HO)

("C:\Users\lfsto\AppData\Local\Programs\MiKTeX 2.9\tex/generic/oberdiek\etexcmd
s.sty"
Package: etexcmds 2016/05/16 v1.6 Avoid name clashes with e-TeX commands (HO)

("C:\Users\lfsto\AppData\Local\Programs\MiKTeX 2.9\tex/generic/oberdiek\ifluate
x.sty"
Package: ifluatex 2016/05/16 v1.4 Provides the ifluatex switch (HO)
Package ifluatex Info: LuaTeX not detected.
))))
("C:\Users\lfsto\AppData\Local\Programs\MiKTeX 2.9\tex/generic/oberdiek\pdftexc
mds.sty"
Package: pdftexcmds 2019/07/25 v0.30 Utility functions of pdfTeX for LuaTeX (HO
)
Package pdftexcmds Info: LuaTeX not detected.
Package pdftexcmds Info: \pdf@primitive is available.
Package pdftexcmds Info: \pdf@ifprimitive is available.
Package pdftexcmds Info: \pdfdraftmode found.
)
Package epstopdf-base Info: Redefining graphics rule for `.eps' on input line 4
38.
Package grfext Info: Graphics extension search list:
(grfext)             [.pdf,.png,.jpg,.mps,.jpeg,.jbig2,.jb2,.PDF,.PNG,.JPG,.JPE
G,.JBIG2,.JB2,.eps]
(grfext)             \AppendGraphicsExtensions on input line 456.
)
*geometry* driver: auto-detecting
*geometry* detected driver: pdftex
*geometry* verbose mode - [ preamble ] result:
* driver: pdftex
* paper: <default>
* layout: <same size as paper>
* layoutoffset:(h,v)=(0.0pt,0.0pt)
* modes: twoside 
* h-part:(L,W,R)=(72.26999pt, 469.75502pt, 72.26999pt)
* v-part:(T,H,B)=(72.26999pt, 650.43001pt, 72.26999pt)
* \paperwidth=614.295pt
* \paperheight=794.96999pt
* \textwidth=469.75502pt
* \textheight=650.43001pt
* \oddsidemargin=0.0pt
* \evensidemargin=0.0pt
* \topmargin=-22.0pt
* \headheight=8.0pt
* \headsep=14.0pt
* \topskip=10.0pt
* \footskip=12.0pt
* \marginparwidth=90.0pt
* \marginparsep=11.0pt
* \columnsep=10.0pt
* \skip\footins=7.0pt plus 11.0pt
* \hoffset=0.0pt
* \voffset=0.0pt
* \mag=1000
* \@twocolumnfalse
* \@twosidetrue
* \@mparswitchtrue
* \@reversemarginfalse
* (1in=72.27pt=25.4mm, 1cm=28.453pt)

(SQG_Boundary.toc)
\tf@toc=\write3
\openout3 = `SQG_Boundary.toc'.

 [1{C:/Users/lfsto/AppData/Local/MiKTeX/2.9/pdftex/config/pdftex.map}]
Overfull \hbox (20.49619pt too wide) in paragraph at lines 181--182
[]\OT1/cmr/m/it/10.95 For any $\OML/cmm/m/it/10.95 [] \U/MnSymbolD/m/n/10.95 >
 \OML/cmm/m/it/10.95 L[]\OMX/MnSymbolE/m/n/10.95 à\OT1/cmr/m/n/10.95 
\OMX/MnSymbolE/m/n/10.95 ç$ \OT1/cmr/m/it/10.95 there ex-ists a global-in-time 
weak so-lu-tion $\OML/cmm/m/it/10.95  \U/MnSymbolD/m/n/10.95 > \OML/cmm/m/it/1
0.95 L[]\OMX/MnSymbolE/m/n/10.95 à \OT1/cmr/m/n/10.95 0\OML/cmm/m/it/10.95 ; \U
/MnSymbolC/m/n/10.95 ™\OMX/MnSymbolE/m/n/10.95 ç\OT1/cmr/m/n/10.95 ; \OML/cmm/m
/it/10.95 L[]\OMX/MnSymbolE/m/n/10.95 à\OT1/cmr/m/n/10.95 
\OMX/MnSymbolE/m/n/10.95 çç \U/MnSymbolC/m/n/10.95 9 \OML/cmm/m/it/10.95 L[]\OM
X/MnSymbolE/m/n/10.95 à \OT1/cmr/m/n/10.95 0\OML/cmm/m/it/10.95 ; \U/MnSymbolC/
m/n/10.95 ™\OMX/MnSymbolE/m/n/10.95 ç\OT1/cmr/m/n/10.95 ; \OMS/MnSymbolS/m/n/10
.95 H[]\OMX/MnSymbolE/m/n/10.95 ç$
 []

[2]
Underfull \vbox (badness 10000) has occurred while \output is active []

 [3]
[4] [5] [6] [7] [8] [9] [10] [11] [12]
Underfull \hbox (badness 10000) in paragraph at lines 697--698

 []

[13] [14] [15] [16] [17] [18] [19] [20] [21] [22] [23] [24] [25] [26] [27]
[28]
Overfull \hbox (2.82089pt too wide) in paragraph at lines 1602--1603
[][] \U/MnSymbolD/m/n/10.95 B \OT1/cmr/m/n/10.95 2$ \OT1/cmr/m/it/10.95 and tha
t $\OML/cmm/m/it/10.95 u$ \OT1/cmr/m/it/10.95 is the Riesz trans-form of an $\O
ML/cmm/m/it/10.95 L[]$ \OT1/cmr/m/it/10.95 func-tion, i.e. $[][] \U/MnSymbolD/m
/n/10.95 B
 []

[29] [30] [31]

LaTeX Warning: Reference `thm:L2 to Linfty' on page 32 undefined on input line 
1726.


LaTeX Warning: Reference `thm:caccioppoli' on page 32 undefined on input line 1
739.

[32] [33] [34] (SQG_Boundary.bbl [35]
Underfull \vbox (badness 10000) has occurred while \output is active []

 [36])
[37] (SQG_Boundary.aux)

LaTeX Warning: There were undefined references.

 ) 
Here is how much of TeX's memory you used:
 7480 strings out of 492452
 101915 string characters out of 3120063
 151265 words of memory out of 3000000
 11547 multiletter control sequences out of 15000+200000
 22421 words of font info for 82 fonts, out of 3000000 for 9000
 1302 hyphenation exceptions out of 8191
 46i,13n,45p,1419b,348s stack positions out of 5000i,500n,10000p,200000b,50000s
{C:/Users/lfsto/AppData/Local/Programs/MiKTeX 2.9/fonts/enc/dvips/mnsymbol/Mn
SymbolE.enc}{C:/Users/lfsto/AppData/Local/Programs/MiKTeX 2.9/fonts/enc/dvips/m
nsymbol/MnSymbolS.enc}{C:/Users/lfsto/AppData/Local/Programs/MiKTeX 2.9/fonts/e
nc/dvips/mnsymbol/MnSymbolA.enc}{C:/Users/lfsto/AppData/Local/Programs/MiKTeX 2
.9/fonts/enc/dvips/mnsymbol/MnSymbolC.enc}{C:/Users/lfsto/AppData/Local/Program
s/MiKTeX 2.9/fonts/enc/dvips/mnsymbol/MnSymbolF.enc}{C:/Users/lfsto/AppData/Loc
al/Programs/MiKTeX 2.9/fonts/enc/dvips/mnsymbol/MnSymbolD.enc}<C:/Users/lfsto/A
ppData/Local/Programs/MiKTeX 2.9/fonts/type1/public/mnsymbol/MnSymbol10.pfb><C:
/Users/lfsto/AppData/Local/Programs/MiKTeX 2.9/fonts/type1/public/mnsymbol/MnSy
mbol6.pfb><C:/Users/lfsto/AppData/Local/Programs/MiKTeX 2.9/fonts/type1/public/
mnsymbol/MnSymbol8.pfb><C:/Users/lfsto/AppData/Local/Programs/MiKTeX 2.9/fonts/
type1/public/amsfonts/cm/cmbx10.pfb><C:/Users/lfsto/AppData/Local/Programs/MiKT
eX 2.9/fonts/type1/public/amsfonts/cm/cmbx9.pfb><C:/Users/lfsto/AppData/Local/P
rograms/MiKTeX 2.9/fonts/type1/public/amsfonts/cm/cmcsc10.pfb><C:/Users/lfsto/A
ppData/Local/Programs/MiKTeX 2.9/fonts/type1/public/amsfonts/cm/cmmi10.pfb><C:/
Users/lfsto/AppData/Local/Programs/MiKTeX 2.9/fonts/type1/public/amsfonts/cm/cm
mi6.pfb><C:/Users/lfsto/AppData/Local/Programs/MiKTeX 2.9/fonts/type1/public/am
sfonts/cm/cmmi8.pfb><C:/Users/lfsto/AppData/Local/Programs/MiKTeX 2.9/fonts/typ
e1/public/amsfonts/cm/cmr10.pfb><C:/Users/lfsto/AppData/Local/Programs/MiKTeX 2
.9/fonts/type1/public/amsfonts/cm/cmr6.pfb><C:/Users/lfsto/AppData/Local/Progra
ms/MiKTeX 2.9/fonts/type1/public/amsfonts/cm/cmr8.pfb><C:/Users/lfsto/AppData/L
ocal/Programs/MiKTeX 2.9/fonts/type1/public/amsfonts/cm/cmr9.pfb><C:/Users/lfst
o/AppData/Local/Programs/MiKTeX 2.9/fonts/type1/public/amsfonts/cm/cmti10.pfb><
C:/Users/lfsto/AppData/Local/Programs/MiKTeX 2.9/fonts/type1/public/amsfonts/cm
/cmti7.pfb><C:/Users/lfsto/AppData/Local/Programs/MiKTeX 2.9/fonts/type1/public
/amsfonts/cm/cmti8.pfb><C:/Users/lfsto/AppData/Local/Programs/MiKTeX 2.9/fonts/
type1/public/amsfonts/cm/cmti9.pfb><C:/Users/lfsto/AppData/Local/Programs/MiKTe
X 2.9/fonts/type1/public/amsfonts/cm/cmtt9.pfb><C:/Users/lfsto/AppData/Local/Pr
ograms/MiKTeX 2.9/fonts/type1/public/amsfonts/symbols/msam10.pfb><C:/Users/lfst
o/AppData/Local/Programs/MiKTeX 2.9/fonts/type1/public/amsfonts/symbols/msbm10.
pfb>
Output written on SQG_Boundary.pdf (37 pages, 508956 bytes).
PDF statistics:
 229 PDF objects out of 1000 (max. 8388607)
 0 named destinations out of 1000 (max. 500000)
 1 words of extra memory for PDF output out of 10000 (max. 10000000)

